This is pdfTeX, Version 3.14159265-2.6-1.40.21 (TeX Live 2020) (preloaded format=pdflatex 2021.3.13)  11 APR 2021 14:53
entering extended mode
 restricted \write18 enabled.
 %&-line parsing enabled.
**rule3.tex
(./rule3.tex
LaTeX2e <2020-02-02> patch level 5
L3 programming layer <2020-03-06>

! LaTeX Error: Environment gather* undefined.

See the LaTeX manual or LaTeX Companion for explanation.
Type  H <return>  for immediate help.
 ...                                              
                                                  
l.1  \begin{gather*}
                    
Your command was ignored.
Type  I <command> <return>  to replace it with another command,
or  <return>  to continue without it.

! Undefined control sequence.
l.2 \codeme
           {\frac{
The control sequence at the end of the top line
of your error message was never \def'ed. If you have
misspelled it (e.g., `\hobx'), type `I' and the correct
spelling (e.g., `I\hbox'). Otherwise just continue,
and I'll forget about whatever was undefined.


! LaTeX Error: Missing \begin{document}.

See the LaTeX manual or LaTeX Companion for explanation.
Type  H <return>  for immediate help.
 ...                                              
                                                  
l.9 ...wedge \es_1 \CONTAIN  \pi_2 \wedge \es_2  }
                                                  
You're in trouble here.  Try typing  <return>  to proceed.
If that doesn't work, type  X <return>  to quit.

! Missing $ inserted.
<inserted text> 
                $
l.9 ...wedge \es_1 \CONTAIN  \pi_2 \wedge \es_2  }
                                                  
I've inserted a begin-math/end-math symbol since I think
you left one out. Proceed, with fingers crossed.

LaTeX Font Info:    External font `cmex10' loaded for size
(Font)              <7> on input line 9.
LaTeX Font Info:    External font `cmex10' loaded for size
(Font)              <5> on input line 9.
! Undefined control sequence.
<argument> \text 
                 
l.9 ...wedge \es_1 \CONTAIN  \pi_2 \wedge \es_2  }
                                                  
The control sequence at the end of the top line
of your error message was never \def'ed. If you have
misspelled it (e.g., `\hobx'), type `I' and the correct
spelling (e.g., `I\hbox'). Otherwise just continue,
and I'll forget about whatever was undefined.

! Undefined control sequence.
<argument>  \begin {matrix} \text {\codeme 
                                           { (\pi _1 {\wedge } \es _1 \CONTA...
l.9 ...wedge \es_1 \CONTAIN  \pi_2 \wedge \es_2  }
                                                  
The control sequence at the end of the top line
of your error message was never \def'ed. If you have
misspelled it (e.g., `\hobx'), type `I' and the correct
spelling (e.g., `I\hbox'). Otherwise just continue,
and I'll forget about whatever was undefined.

! Undefined control sequence.
<argument> ...xt {\codeme { (\pi _1 {\wedge } \es 
                                                  _1 \CONTAIN \pi _3 {\wedge...
l.9 ...wedge \es_1 \CONTAIN  \pi_2 \wedge \es_2  }
                                                  
The control sequence at the end of the top line
of your error message was never \def'ed. If you have
misspelled it (e.g., `\hobx'), type `I' and the correct
spelling (e.g., `I\hbox'). Otherwise just continue,
and I'll forget about whatever was undefined.

! Undefined control sequence.
<argument> ...{ (\pi _1 {\wedge } \es _1 \CONTAIN 
                                                  \pi _3 {\wedge } \es _3) \...
l.9 ...wedge \es_1 \CONTAIN  \pi_2 \wedge \es_2  }
                                                  
The control sequence at the end of the top line
of your error message was never \def'ed. If you have
misspelled it (e.g., `\hobx'), type `I' and the correct
spelling (e.g., `I\hbox'). Otherwise just continue,
and I'll forget about whatever was undefined.

! Undefined control sequence.
<argument> ...es _1 \CONTAIN \pi _3 {\wedge } \es 
                                                  _3) \in \m {\Gamma } }} \q...
l.9 ...wedge \es_1 \CONTAIN  \pi_2 \wedge \es_2  }
                                                  
The control sequence at the end of the top line
of your error message was never \def'ed. If you have
misspelled it (e.g., `\hobx'), type `I' and the correct
spelling (e.g., `I\hbox'). Otherwise just continue,
and I'll forget about whatever was undefined.

! Undefined control sequence.
<argument> ...AIN \pi _3 {\wedge } \es _3) \in \m 
                                                  {\Gamma } }} \quad \^^M\te...
l.9 ...wedge \es_1 \CONTAIN  \pi_2 \wedge \es_2  }
                                                  
The control sequence at the end of the top line
of your error message was never \def'ed. If you have
misspelled it (e.g., `\hobx'), type `I' and the correct
spelling (e.g., `I\hbox'). Otherwise just continue,
and I'll forget about whatever was undefined.

! Undefined control sequence.
<argument> ...\in \m {\Gamma } }} \quad \^^M\text 
                                                  {\codeme {(\pi _3 {\wedge ...
l.9 ...wedge \es_1 \CONTAIN  \pi_2 \wedge \es_2  }
                                                  
The control sequence at the end of the top line
of your error message was never \def'ed. If you have
misspelled it (e.g., `\hobx'), type `I' and the correct
spelling (e.g., `I\hbox'). Otherwise just continue,
and I'll forget about whatever was undefined.

! Undefined control sequence.
<argument> ...Gamma } }} \quad \^^M\text {\codeme 
                                                  {(\pi _3 {\wedge } \es _3 ...
l.9 ...wedge \es_1 \CONTAIN  \pi_2 \wedge \es_2  }
                                                  
The control sequence at the end of the top line
of your error message was never \def'ed. If you have
misspelled it (e.g., `\hobx'), type `I' and the correct
spelling (e.g., `I\hbox'). Otherwise just continue,
and I'll forget about whatever was undefined.

! Undefined control sequence.
<argument> ...ext {\codeme {(\pi _3 {\wedge } \es 
                                                  _3 \CONTAIN \pi _4 {\wedge...
l.9 ...wedge \es_1 \CONTAIN  \pi_2 \wedge \es_2  }
                                                  
The control sequence at the end of the top line
of your error message was never \def'ed. If you have
misspelled it (e.g., `\hobx'), type `I' and the correct
spelling (e.g., `I\hbox'). Otherwise just continue,
and I'll forget about whatever was undefined.

! Undefined control sequence.
<argument> ... {(\pi _3 {\wedge } \es _3 \CONTAIN 
                                                  \pi _4 {\wedge } \es _4) \...
l.9 ...wedge \es_1 \CONTAIN  \pi_2 \wedge \es_2  }
                                                  
The control sequence at the end of the top line
of your error message was never \def'ed. If you have
misspelled it (e.g., `\hobx'), type `I' and the correct
spelling (e.g., `I\hbox'). Otherwise just continue,
and I'll forget about whatever was undefined.

! Undefined control sequence.
<argument> ...es _3 \CONTAIN \pi _4 {\wedge } \es 
                                                  _4) \in \m {\Gamma } }} \q...
l.9 ...wedge \es_1 \CONTAIN  \pi_2 \wedge \es_2  }
                                                  
The control sequence at the end of the top line
of your error message was never \def'ed. If you have
misspelled it (e.g., `\hobx'), type `I' and the correct
spelling (e.g., `I\hbox'). Otherwise just continue,
and I'll forget about whatever was undefined.

! Undefined control sequence.
<argument> ...AIN \pi _4 {\wedge } \es _4) \in \m 
                                                  {\Gamma } }} \quad \^^M\te...
l.9 ...wedge \es_1 \CONTAIN  \pi_2 \wedge \es_2  }
                                                  
The control sequence at the end of the top line
of your error message was never \def'ed. If you have
misspelled it (e.g., `\hobx'), type `I' and the correct
spelling (e.g., `I\hbox'). Otherwise just continue,
and I'll forget about whatever was undefined.

! Undefined control sequence.
<argument> ...\in \m {\Gamma } }} \quad \^^M\text 
                                                  {\codeme { (\pi _4 {\wedge...
l.9 ...wedge \es_1 \CONTAIN  \pi_2 \wedge \es_2  }
                                                  
The control sequence at the end of the top line
of your error message was never \def'ed. If you have
misspelled it (e.g., `\hobx'), type `I' and the correct
spelling (e.g., `I\hbox'). Otherwise just continue,
and I'll forget about whatever was undefined.

! Undefined control sequence.
<argument> ...Gamma } }} \quad \^^M\text {\codeme 
                                                  { (\pi _4 {\wedge } \es _4...
l.9 ...wedge \es_1 \CONTAIN  \pi_2 \wedge \es_2  }
                                                  
The control sequence at the end of the top line
of your error message was never \def'ed. If you have
misspelled it (e.g., `\hobx'), type `I' and the correct
spelling (e.g., `I\hbox'). Otherwise just continue,
and I'll forget about whatever was undefined.

! Undefined control sequence.
<argument> ...xt {\codeme { (\pi _4 {\wedge } \es 
                                                  _4 \CONTAIN \pi _2 {\wedge...
l.9 ...wedge \es_1 \CONTAIN  \pi_2 \wedge \es_2  }
                                                  
The control sequence at the end of the top line
of your error message was never \def'ed. If you have
misspelled it (e.g., `\hobx'), type `I' and the correct
spelling (e.g., `I\hbox'). Otherwise just continue,
and I'll forget about whatever was undefined.

! Undefined control sequence.
<argument> ...{ (\pi _4 {\wedge } \es _4 \CONTAIN 
                                                  \pi _2 {\wedge } \es _2) \...
l.9 ...wedge \es_1 \CONTAIN  \pi_2 \wedge \es_2  }
                                                  
The control sequence at the end of the top line
of your error message was never \def'ed. If you have
misspelled it (e.g., `\hobx'), type `I' and the correct
spelling (e.g., `I\hbox'). Otherwise just continue,
and I'll forget about whatever was undefined.

! Undefined control sequence.
<argument> ...es _4 \CONTAIN \pi _2 {\wedge } \es 
                                                  _2) \in \m {\Gamma } }} \e...
l.9 ...wedge \es_1 \CONTAIN  \pi_2 \wedge \es_2  }
                                                  
The control sequence at the end of the top line
of your error message was never \def'ed. If you have
misspelled it (e.g., `\hobx'), type `I' and the correct
spelling (e.g., `I\hbox'). Otherwise just continue,
and I'll forget about whatever was undefined.

! Undefined control sequence.
<argument> ...AIN \pi _2 {\wedge } \es _2) \in \m 
                                                  {\Gamma } }} \end {matrix} 
l.9 ...wedge \es_1 \CONTAIN  \pi_2 \wedge \es_2  }
                                                  
The control sequence at the end of the top line
of your error message was never \def'ed. If you have
misspelled it (e.g., `\hobx'), type `I' and the correct
spelling (e.g., `I\hbox'). Otherwise just continue,
and I'll forget about whatever was undefined.

! Missing $ inserted.
<inserted text> 
                $
l.9 ...wedge \es_1 \CONTAIN  \pi_2 \wedge \es_2  }
                                                  
I've inserted something that you may have forgotten.
(See the <inserted text> above.)
With luck, this will get me unwedged. But if you
really didn't forget anything, try typing `2' now; then
my insertion and my current dilemma will both disappear.

! Missing $ inserted.
<inserted text> 
                $
l.9 ...wedge \es_1 \CONTAIN  \pi_2 \wedge \es_2  }
                                                  
I've inserted a begin-math/end-math symbol since I think
you left one out. Proceed, with fingers crossed.

! Undefined control sequence.
<argument> \m 
              {\Gamma } \vdash \pi _1 \wedge \es _1 \CONTAIN \pi _2 \wedge \...
l.9 ...wedge \es_1 \CONTAIN  \pi_2 \wedge \es_2  }
                                                  
The control sequence at the end of the top line
of your error message was never \def'ed. If you have
misspelled it (e.g., `\hobx'), type `I' and the correct
spelling (e.g., `I\hbox'). Otherwise just continue,
and I'll forget about whatever was undefined.

! Undefined control sequence.
<argument> \m {\Gamma } \vdash \pi _1 \wedge \es 
                                                 _1 \CONTAIN \pi _2 \wedge \...
l.9 ...wedge \es_1 \CONTAIN  \pi_2 \wedge \es_2  }
                                                  
The control sequence at the end of the top line
of your error message was never \def'ed. If you have
misspelled it (e.g., `\hobx'), type `I' and the correct
spelling (e.g., `I\hbox'). Otherwise just continue,
and I'll forget about whatever was undefined.

! Undefined control sequence.
<argument> ...vdash \pi _1 \wedge \es _1 \CONTAIN 
                                                  \pi _2 \wedge \es _2 
l.9 ...wedge \es_1 \CONTAIN  \pi_2 \wedge \es_2  }
                                                  
The control sequence at the end of the top line
of your error message was never \def'ed. If you have
misspelled it (e.g., `\hobx'), type `I' and the correct
spelling (e.g., `I\hbox'). Otherwise just continue,
and I'll forget about whatever was undefined.

! Undefined control sequence.
<argument> ...e \es _1 \CONTAIN \pi _2 \wedge \es 
                                                  _2 
l.9 ...wedge \es_1 \CONTAIN  \pi_2 \wedge \es_2  }
                                                  
The control sequence at the end of the top line
of your error message was never \def'ed. If you have
misspelled it (e.g., `\hobx'), type `I' and the correct
spelling (e.g., `I\hbox'). Otherwise just continue,
and I'll forget about whatever was undefined.

! Extra }, or forgotten $.
\frac  #1#2->{\begingroup #1\endgroup \over #2}
                                               
l.9 ...wedge \es_1 \CONTAIN  \pi_2 \wedge \es_2  }
                                                  
I've deleted a group-closing symbol because it seems to be
spurious, as in `$x}$'. But perhaps the } is legitimate and
you forgot something else, as in `\hbox{$x}'. In such cases
the way to recover is to insert both the forgotten and the
deleted material, e.g., by typing `I$}'.

! Undefined control sequence.
l.10 \code
          {[REOCCUR]}
The control sequence at the end of the top line
of your error message was never \def'ed. If you have
misspelled it (e.g., `\hobx'), type `I' and the correct
spelling (e.g., `I\hbox'). Otherwise just continue,
and I'll forget about whatever was undefined.

! Extra }, or forgotten $.
l.11 }
      
I've deleted a group-closing symbol because it seems to be
spurious, as in `$x}$'. But perhaps the } is legitimate and
you forgot something else, as in `\hbox{$x}'. In such cases
the way to recover is to insert both the forgotten and the
deleted material, e.g., by typing `I$}'.


! LaTeX Error: \begin{document} ended by \end{gather*}.

See the LaTeX manual or LaTeX Companion for explanation.
Type  H <return>  for immediate help.
 ...                                              
                                                  
l.12 \end{gather*}
                  
Your command was ignored.
Type  I <command> <return>  to replace it with another command,
or  <return>  to continue without it.

! Missing $ inserted.
<inserted text> 
                $
l.12 \end{gather*}
                  
I've inserted something that you may have forgotten.
(See the <inserted text> above.)
With luck, this will get me unwedged. But if you
really didn't forget anything, try typing `2' now; then
my insertion and my current dilemma will both disappear.

! Missing } inserted.
<inserted text> 
                }
l.12 \end{gather*}
                  
I've inserted something that you may have forgotten.
(See the <inserted text> above.)
With luck, this will get me unwedged. But if you
really didn't forget anything, try typing `2' now; then
my insertion and my current dilemma will both disappear.

! Missing } inserted.
<inserted text> 
                }
l.12 \end{gather*}
                  
I've inserted something that you may have forgotten.
(See the <inserted text> above.)
With luck, this will get me unwedged. But if you
really didn't forget anything, try typing `2' now; then
my insertion and my current dilemma will both disappear.

)
! Emergency stop.
<*> rule3.tex
             
*** (job aborted, no legal \end found)

 
Here is how much of TeX's memory you used:
 23 strings out of 480608
 436 string characters out of 5903630
 239610 words of memory out of 5000000
 16016 multiletter control sequences out of 15000+600000
 532338 words of font info for 24 fonts, out of 8000000 for 9000
 1141 hyphenation exceptions out of 8191
 21i,10n,15p,105b,72s stack positions out of 5000i,500n,10000p,200000b,80000s
!  ==> Fatal error occurred, no output PDF file produced!
